{
  "RSpec": {
    "coverage": {
      "/home/saasbook/project/new_proj/proj_ticketsys_refactored/app/controllers/application_controller.rb": [
        1,
        1,
        1,
        1,
        null
      ],
      "/home/saasbook/project/new_proj/proj_ticketsys_refactored/app/helpers/application_helper.rb": [
        1,
        null,
        null,
        null,
        1,
        0,
        null,
        null,
        1,
        0,
        null,
        null,
        1,
        0,
        0,
        null,
        null,
        null,
        null,
        null,
        null,
        1,
        0,
        0,
        null,
        null,
        null,
        null,
        1,
        0,
        0,
        null,
        null,
        null,
        null,
        null,
        null,
        null
      ],
      "/home/saasbook/project/new_proj/proj_ticketsys_refactored/app/helpers/notes_helper.rb": [
        1,
        null
      ],
      "/home/saasbook/project/new_proj/proj_ticketsys_refactored/app/helpers/sessions_helper.rb": [
        1,
        null,
        null,
        null,
        null,
        1,
        0,
        0,
        null,
        null,
        1,
        0,
        null,
        null,
        1,
        7,
        null,
        null,
        1,
        7,
        null,
        null,
        1,
        0,
        0,
        null,
        null,
        1,
        7,
        null,
        null,
        1,
        7,
        7,
        7,
        null,
        null,
        null,
        1,
        0,
        0,
        0,
        null,
        null,
        null,
        1,
        0,
        0,
        0,
        null,
        null,
        null,
        null,
        1,
        0,
        null,
        0,
        0,
        0,
        null,
        null,
        null,
        null,
        null,
        1,
        0,
        null,
        null,
        0,
        0,
        0,
        0,
        0,
        null,
        0,
        null,
        null,
        null,
        null,
        null,
        null,
        1,
        0,
        0,
        0,
        null,
        0,
        0,
        0,
        0,
        null,
        null,
        null,
        0,
        null,
        null,
        null
      ],
      "/home/saasbook/project/new_proj/proj_ticketsys_refactored/app/helpers/tickets_helper.rb": [
        1,
        null,
        null,
        null,
        1,
        null,
        0,
        null,
        0,
        0,
        0,
        0,
        0,
        0,
        0,
        0,
        null,
        null,
        0,
        0,
        0,
        0,
        null,
        null,
        null,
        null,
        null
      ],
      "/home/saasbook/project/new_proj/proj_ticketsys_refactored/app/helpers/users_helper.rb": [
        1,
        null
      ],
      "/home/saasbook/project/new_proj/proj_ticketsys_refactored/app/controllers/notes_controller.rb": [
        1,
        null,
        1,
        null,
        null,
        1,
        null,
        null,
        1,
        0,
        0,
        0,
        0,
        0,
        0,
        null,
        0,
        0,
        null,
        null,
        null,
        1,
        null,
        null,
        1,
        null,
        null,
        1,
        null,
        null,
        1,
        null,
        null,
        1,
        0,
        null,
        null
      ],
      "/home/saasbook/project/new_proj/proj_ticketsys_refactored/app/models/note.rb": [
        1,
        null,
        null,
        null,
        null,
        null,
        1,
        1,
        null,
        1,
        1,
        1,
        null,
        null
      ],
      "/home/saasbook/project/new_proj/proj_ticketsys_refactored/app/controllers/sessions_controller.rb": [
        1,
        1,
        0,
        0,
        null,
        null,
        null,
        null,
        1,
        0,
        0,
        0,
        0,
        0,
        0,
        null,
        null,
        0,
        0,
        null,
        null,
        null,
        null,
        1,
        0,
        0,
        null,
        null,
        null
      ],
      "/home/saasbook/project/new_proj/proj_ticketsys_refactored/app/controllers/tickets_controller.rb": [
        1,
        null,
        1,
        1,
        1,
        1,
        null,
        1,
        null,
        null,
        1,
        0,
        0,
        0,
        0,
        0,
        null,
        0,
        0,
        0,
        0,
        null,
        null,
        1,
        0,
        0,
        0,
        0,
        0,
        null,
        0,
        0,
        0,
        0,
        null,
        null,
        null,
        null,
        null,
        1,
        0,
        0,
        0,
        null,
        0,
        0,
        0,
        null,
        null,
        0,
        0,
        null,
        null,
        null,
        null,
        0,
        0,
        null,
        null,
        null,
        null,
        null,
        1,
        0,
        0,
        0,
        0,
        0,
        null,
        null,
        0,
        0,
        0,
        null,
        null,
        null,
        null,
        1,
        0,
        0,
        0,
        0,
        null,
        0,
        0,
        0,
        0,
        0,
        0,
        null,
        null,
        0,
        0,
        null,
        0,
        0,
        0,
        0,
        null,
        null,
        null,
        1,
        null,
        0,
        0,
        0,
        0,
        null,
        0,
        0,
        0,
        null,
        null,
        0,
        0,
        0,
        null,
        0,
        0,
        null,
        null,
        null,
        1,
        0,
        null,
        null,
        1,
        0,
        0,
        0,
        0,
        null,
        null,
        null,
        1,
        0,
        0,
        0,
        0,
        0,
        0,
        0,
        null,
        null,
        null,
        0,
        null,
        null,
        null,
        1,
        0,
        null,
        null,
        1,
        0,
        0,
        0,
        0,
        null,
        0,
        null,
        null,
        null,
        null
      ],
      "/home/saasbook/project/new_proj/proj_ticketsys_refactored/app/models/ticket.rb": [
        1,
        null,
        null,
        null,
        null,
        null,
        null,
        null,
        null,
        null,
        1,
        1,
        1,
        1,
        1,
        null,
        1,
        null,
        1,
        0,
        null,
        null,
        1,
        0,
        null,
        null,
        1,
        0,
        0,
        null,
        0,
        0,
        0,
        null,
        0,
        null,
        null,
        null,
        1,
        0,
        0,
        null,
        0,
        0,
        0,
        null,
        0,
        null,
        null,
        null,
        1,
        0,
        null,
        null,
        1,
        0,
        null,
        null,
        1,
        0,
        null,
        null,
        1,
        0,
        0,
        0,
        null,
        0,
        0,
        null,
        null,
        null,
        1,
        0,
        0,
        null,
        null,
        null
      ],
      "/home/saasbook/project/new_proj/proj_ticketsys_refactored/app/controllers/users_controller.rb": [
        1,
        null,
        1,
        1,
        1,
        1,
        null,
        1,
        null,
        null,
        1,
        0,
        0,
        0,
        null,
        0,
        0,
        0,
        null,
        null,
        null,
        1,
        0,
        0,
        0,
        0,
        0,
        null,
        0,
        0,
        null,
        null,
        null,
        1,
        0,
        null,
        null,
        1,
        0,
        0,
        0,
        0,
        null,
        null,
        1,
        0,
        null,
        null,
        1,
        0,
        0,
        0,
        0,
        null,
        null,
        null,
        null
      ],
      "/home/saasbook/project/new_proj/proj_ticketsys_refactored/app/models/user.rb": [
        1,
        null,
        null,
        null,
        null,
        null,
        null,
        null,
        1,
        1,
        null,
        1,
        1,
        1,
        1,
        1,
        null,
        1,
        null,
        1,
        0,
        null,
        null,
        1,
        0,
        null,
        null,
        1,
        0,
        null,
        null,
        1,
        0,
        0,
        null,
        null,
        1,
        0,
        0,
        null,
        null,
        null
      ],
      "/home/saasbook/project/new_proj/proj_ticketsys_refactored/app/models/issue.rb": [
        1,
        null,
        null,
        null,
        1,
        1,
        null,
        null
      ]
    },
    "timestamp": 1332923281
  },
  "Cucumber Features": {
    "coverage": {
      "/home/saasbook/project/new_proj/proj_ticketsys_refactored/app/controllers/application_controller.rb": [
        1,
        1,
        1,
        1,
        null
      ],
      "/home/saasbook/project/new_proj/proj_ticketsys_refactored/app/helpers/application_helper.rb": [
        1,
        null,
        null,
        null,
        1,
        13,
        null,
        null,
        1,
        2,
        null,
        null,
        1,
        42,
        42,
        null,
        null,
        null,
        null,
        null,
        null,
        1,
        0,
        0,
        null,
        null,
        null,
        null,
        1,
        11,
        12,
        null,
        null,
        null,
        null,
        null,
        null,
        null
      ],
      "/home/saasbook/project/new_proj/proj_ticketsys_refactored/app/helpers/notes_helper.rb": [
        1,
        null
      ],
      "/home/saasbook/project/new_proj/proj_ticketsys_refactored/app/helpers/sessions_helper.rb": [
        1,
        null,
        null,
        null,
        null,
        1,
        13,
        13,
        null,
        null,
        1,
        13,
        null,
        null,
        1,
        821,
        null,
        null,
        1,
        279,
        null,
        null,
        1,
        0,
        0,
        null,
        null,
        1,
        143,
        null,
        null,
        1,
        98,
        0,
        0,
        null,
        null,
        null,
        1,
        0,
        0,
        0,
        null,
        null,
        null,
        1,
        0,
        0,
        0,
        null,
        null,
        null,
        null,
        1,
        4,
        null,
        0,
        0,
        0,
        null,
        null,
        null,
        null,
        null,
        1,
        4,
        null,
        null,
        0,
        0,
        0,
        0,
        0,
        null,
        0,
        null,
        null,
        null,
        null,
        null,
        null,
        1,
        0,
        0,
        0,
        null,
        0,
        0,
        0,
        0,
        null,
        null,
        null,
        0,
        null,
        null,
        null
      ],
      "/home/saasbook/project/new_proj/proj_ticketsys_refactored/app/helpers/tickets_helper.rb": [
        1,
        null,
        null,
        null,
        1,
        null,
        45,
        null,
        31,
        0,
        0,
        0,
        0,
        0,
        0,
        0,
        null,
        null,
        31,
        31,
        0,
        0,
        null,
        null,
        null,
        null,
        null
      ],
      "/home/saasbook/project/new_proj/proj_ticketsys_refactored/app/helpers/users_helper.rb": [
        1,
        null
      ],
      "/home/saasbook/project/new_proj/proj_ticketsys_refactored/app/controllers/notes_controller.rb": [
        1,
        null,
        1,
        null,
        1,
        null,
        null,
        1,
        1,
        1,
        0,
        0,
        null,
        1,
        1,
        1,
        1,
        1,
        null,
        0,
        0,
        null,
        null,
        null,
        null
      ],
      "/home/saasbook/project/new_proj/proj_ticketsys_refactored/app/models/note.rb": [
        1,
        null,
        null,
        null,
        null,
        null,
        1,
        1,
        null,
        1,
        1,
        1,
        null,
        1,
        0,
        null,
        null,
        null
      ],
      "/home/saasbook/project/new_proj/proj_ticketsys_refactored/app/controllers/sessions_controller.rb": [
        1,
        1,
        15,
        0,
        null,
        null,
        null,
        null,
        1,
        14,
        14,
        14,
        13,
        13,
        null,
        null,
        1,
        1,
        null,
        null,
        null,
        null,
        1,
        0,
        0,
        null,
        null,
        null
      ],
      "/home/saasbook/project/new_proj/proj_ticketsys_refactored/app/controllers/tickets_controller.rb": [
        1,
        null,
        1,
        1,
        1,
        1,
        null,
        1,
        null,
        null,
        1,
        3,
        3,
        0,
        0,
        0,
        null,
        3,
        3,
        3,
        3,
        null,
        null,
        1,
        1,
        1,
        0,
        0,
        0,
        null,
        1,
        1,
        1,
        1,
        null,
        null,
        null,
        null,
        null,
        1,
        7,
        7,
        7,
        null,
        6,
        1,
        1,
        5,
        5,
        5,
        null,
        0,
        0,
        null,
        null,
        null,
        1,
        1,
        null,
        null,
        null,
        null,
        1,
        1,
        1,
        1,
        0,
        0,
        null,
        null,
        1,
        1,
        1,
        null,
        null,
        null,
        null,
        1,
        10,
        10,
        1,
        1,
        1,
        null,
        9,
        9,
        9,
        null,
        9,
        0,
        0,
        null,
        0,
        null,
        null,
        9,
        9,
        null,
        0,
        0,
        0,
        null,
        null,
        null,
        null,
        1,
        null,
        0,
        0,
        0,
        0,
        null,
        0,
        0,
        0,
        null,
        null,
        0,
        0,
        0,
        null,
        0,
        0,
        null,
        null,
        null,
        1,
        0,
        null,
        null,
        1,
        0,
        0,
        0,
        0,
        null,
        null,
        null,
        1,
        15,
        10,
        5,
        0,
        0,
        0,
        0,
        null,
        null,
        null,
        5,
        null,
        null,
        null,
        1,
        8,
        null,
        null,
        1,
        33,
        33,
        0,
        0,
        null,
        33,
        null,
        null,
        null,
        null
      ],
      "/home/saasbook/project/new_proj/proj_ticketsys_refactored/app/models/ticket.rb": [
        1,
        null,
        null,
        null,
        null,
        null,
        null,
        null,
        null,
        null,
        1,
        1,
        1,
        1,
        1,
        null,
        1,
        null,
        1,
        37,
        null,
        null,
        1,
        67,
        null,
        null,
        1,
        9,
        0,
        null,
        9,
        9,
        9,
        null,
        0,
        null,
        null,
        null,
        1,
        9,
        0,
        null,
        9,
        9,
        9,
        null,
        0,
        null,
        null,
        null,
        1,
        23,
        null,
        null,
        1,
        0,
        null,
        null,
        1,
        1,
        null,
        null,
        1,
        1,
        1,
        0,
        null,
        1,
        1,
        null,
        null,
        null,
        1,
        77,
        77,
        null,
        null,
        null
      ],
      "/home/saasbook/project/new_proj/proj_ticketsys_refactored/app/controllers/users_controller.rb": [
        1,
        null,
        1,
        1,
        1,
        1,
        null,
        1,
        null,
        null,
        1,
        0,
        0,
        0,
        null,
        0,
        0,
        0,
        null,
        null,
        null,
        1,
        2,
        2,
        2,
        2,
        2,
        null,
        0,
        0,
        null,
        null,
        null,
        1,
        2,
        null,
        null,
        1,
        0,
        0,
        0,
        0,
        null,
        null,
        1,
        0,
        null,
        null,
        1,
        4,
        4,
        0,
        0,
        null,
        null,
        null,
        null
      ],
      "/home/saasbook/project/new_proj/proj_ticketsys_refactored/app/models/user.rb": [
        1,
        null,
        null,
        null,
        null,
        null,
        null,
        null,
        1,
        1,
        null,
        1,
        1,
        1,
        1,
        1,
        null,
        1,
        null,
        1,
        190,
        null,
        null,
        1,
        69,
        null,
        null,
        1,
        66,
        null,
        null,
        null,
        null,
        null,
        1,
        9,
        null,
        null,
        null
      ],
      "/home/saasbook/project/new_proj/proj_ticketsys_refactored/app/models/issue.rb": [
        1,
        null,
        null,
        null,
        1,
        1,
        null,
        null
      ]
    },
    "timestamp": 1333010363
  }
}
